
> pyrodactyl@3.0.0 build
> vite build

[36mvite v5.4.0 [32mbuilding for production...[36m[39m

  ⚡ Million.js 3.1.11
  - Tip:     use // million-ignore for errors
  - Hotline: https://million.dev/hotline


transforming...
 ⚡ <ServerError> now renders ~55% faster
 ⚡ <NotFound> now renders ~76% faster
 ⚡ <HugeIconsDashboardSettings> now renders ~100% faster
 ⚡ <HugeIconsClock> now renders ~100% faster
 ⚡ <HugeIconsConnections> now renders ~100% faster
 ⚡ <HugeIconsController> now renders ~100% faster
 ⚡ <HugeIconsCloudUp> now renders ~100% faster
 ⚡ <HugeIconsFolder> now renders ~100% faster
 ⚡ <HugeIconsPeople> now renders ~100% faster
 🎁 Million Wrapped: https://million.dev/wrapped/7d4204a0c7e9d92f7b10b84e61a72f16
 ⚡ <ReconstructingServer> now renders ~45% faster
 ⚡ <PaginationFooter> now renders ~43% faster
 ⚡ <StatusPill> now renders ~56% faster
 ⚡ <ServerDetailsBlock> now renders ~43% faster
 ⚡ <AllocationRow> now renders ~29% faster
 ⚡ <HugeIconsEggs> now renders ~100% faster
 ⚡ <Spinner> now renders ~100% faster
 ⚡ <ItemContainer> now renders ~20% faster
 ⚡ <HugeIconsArrowLeft> now renders ~100% faster
 ⚡ <ConfigureTwoFactorForm> now renders ~8% faster
 ⚡ <ScheduleCronRow> now renders ~63% faster
resources/scripts/components/elements/SwitchV2.tsx (1:0): Error when using sourcemap for reporting an error: Can't resolve original location of error.
 ⚡ <HugeIconsX> now renders ~100% faster
 ⚡ <HugeIconsDelete> now renders ~100% faster
 ⚡ <HugeIconsFileDownload> now renders ~100% faster
 ⚡ <HugeIconsFileSecurity> now renders ~100% faster
 ⚡ <HugeIconsCopy> now renders ~100% faster
 ⚡ <HugeIconsFileZip> now renders ~100% faster
 ⚡ <HugeIconsMoveTo> now renders ~100% faster
 ⚡ <HugeIconsPencil> now renders ~100% faster
 ⚡ <PermissionRow> now renders ~33% faster
[32m✓[39m 3276 modules transformed.
Generated an empty chunk: "@sentry-internal".
Generated an empty chunk: "client-only".
Generated an empty chunk: "detect-node-es".
Generated an empty chunk: "shallowequal".
Generated an empty chunk: "tiny-warning".
rendering chunks...
computing gzip size...
[2mpublic/build/[22m[32mmanifest.json                               [39m[1m[2m 43.33 kB[22m[1m[22m[2m │ gzip:   3.85 kB[22m
[2mpublic/build/[22m[35massets/@xterm-CIr2Hbff.css                  [39m[1m[2m  4.89 kB[22m[1m[22m[2m │ gzip:   1.74 kB[22m
[2mpublic/build/[22m[35massets/Home-CyOaVaJR.css                    [39m[1m[2m 18.13 kB[22m[1m[22m[2m │ gzip:   3.22 kB[22m
[2mpublic/build/[22m[35massets/index-Cp1pTkaP.css                   [39m[1m[2m 50.12 kB[22m[1m[22m[2m │ gzip:   8.83 kB[22m
[2mpublic/build/[22m[36massets/@sentry-internal-l0sNRNKZ.js         [39m[1m[2m  0.00 kB[22m[1m[22m[2m │ gzip:   0.02 kB[22m
[2mpublic/build/[22m[36massets/client-only-l0sNRNKZ.js              [39m[1m[2m  0.00 kB[22m[1m[22m[2m │ gzip:   0.02 kB[22m
[2mpublic/build/[22m[36massets/detect-node-es-l0sNRNKZ.js           [39m[1m[2m  0.00 kB[22m[1m[22m[2m │ gzip:   0.02 kB[22m
[2mpublic/build/[22m[36massets/tiny-warning-l0sNRNKZ.js             [39m[1m[2m  0.00 kB[22m[1m[22m[2m │ gzip:   0.02 kB[22m
[2mpublic/build/[22m[36massets/shallowequal-l0sNRNKZ.js             [39m[1m[2m  0.00 kB[22m[1m[22m[2m │ gzip:   0.02 kB[22m
[2mpublic/build/[22m[36massets/get-nonce-C-Z93AgS.js                [39m[1m[2m  0.09 kB[22m[1m[22m[2m │ gzip:   0.10 kB[22m
[2mpublic/build/[22m[36massets/saveFileContents-CAY6hn8h.js         [39m[1m[2m  0.19 kB[22m[1m[22m[2m │ gzip:   0.18 kB[22m
[2mpublic/build/[22m[36massets/redux-thunk-CY0Q9z1Q.js              [39m[1m[2m  0.20 kB[22m[1m[22m[2m │ gzip:   0.16 kB[22m
[2mpublic/build/[22m[36massets/clsx-B-dksMZM.js                     [39m[1m[2m  0.37 kB[22m[1m[22m[2m │ gzip:   0.24 kB[22m
[2mpublic/build/[22m[36massets/toggle-selection-BHUZwh74.js         [39m[1m[2m  0.42 kB[22m[1m[22m[2m │ gzip:   0.29 kB[22m
[2mpublic/build/[22m[36massets/crelt-C8TCjufn.js                    [39m[1m[2m  0.62 kB[22m[1m[22m[2m │ gzip:   0.38 kB[22m
[2mpublic/build/[22m[36massets/@emotion-sScrWPmR.js                 [39m[1m[2m  0.68 kB[22m[1m[22m[2m │ gzip:   0.32 kB[22m
[2mpublic/build/[22m[36massets/use-callback-ref-DgBH4dQF.js         [39m[1m[2m  0.68 kB[22m[1m[22m[2m │ gzip:   0.38 kB[22m
[2mpublic/build/[22m[36massets/sockette-B7QvlZiL.js                 [39m[1m[2m  0.68 kB[22m[1m[22m[2m │ gzip:   0.37 kB[22m
[2mpublic/build/[22m[36massets/tslib-CDuPK5Eb.js                    [39m[1m[2m  0.77 kB[22m[1m[22m[2m │ gzip:   0.41 kB[22m
[2mpublic/build/[22m[36massets/prop-types-BbaQpiKi.js               [39m[1m[2m  0.79 kB[22m[1m[22m[2m │ gzip:   0.51 kB[22m
[2mpublic/build/[22m[36massets/uuid-CQkTLCs1.js                     [39m[1m[2m  0.81 kB[22m[1m[22m[2m │ gzip:   0.43 kB[22m
[33m
[2mpublic/build/[22m[36massets/react-style-singleton-CatOi7ii.js    [39m[1m[2m  0.81 kB[22m[1m[22m[2m │ gzip:   0.45 kB[22m
[2mpublic/build/[22m[36massets/debounce-BO2cL3Xp.js                 [39m[1m[2m  0.86 kB[22m[1m[22m[2m │ gzip:   0.51 kB[22m
[2mpublic/build/[22m[36massets/hoist-non-react-statics-_rn-9jHS.js  [39m[1m[2m  1.05 kB[22m[1m[22m[2m │ gzip:   0.56 kB[22m
[2mpublic/build/[22m[36massets/deepmerge-DhIoniG1.js                [39m[1m[2m  1.08 kB[22m[1m[22m[2m │ gzip:   0.52 kB[22m
[2mpublic/build/[22m[36massets/toposort-DE75n7oJ.js                 [39m[1m[2m  1.16 kB[22m[1m[22m[2m │ gzip:   0.61 kB[22m
[2mpublic/build/[22m[36massets/fast-deep-equal-FMYoYOFE.js          [39m[1m[2m  1.20 kB[22m[1m[22m[2m │ gzip:   0.49 kB[22m
[2mpublic/build/[22m[36massets/use-sidecar-CFgASv5v.js              [39m[1m[2m  1.26 kB[22m[1m[22m[2m │ gzip:   0.63 kB[22m
[2mpublic/build/[22m[36massets/pathe-CyIqlarr.js                    [39m[1m[2m  1.32 kB[22m[1m[22m[2m │ gzip:   0.68 kB[22m
(!) Some chunks are larger than 500 kB after minification. Consider:
[2mpublic/build/[22m[36massets/aria-hidden-DQ5UC2Eg.js              [39m[1m[2m  1.46 kB[22m[1m[22m[2m │ gzip:   0.73 kB[22m
[2mpublic/build/[22m[36massets/property-expr-DEi1ZLzV.js            [39m[1m[2m  1.49 kB[22m[1m[22m[2m │ gzip:   0.78 kB[22m
[2mpublic/build/[22m[36massets/w3c-keyname-Vcq4gwWv.js              [39m[1m[2m  1.49 kB[22m[1m[22m[2m │ gzip:   0.82 kB[22m
[2mpublic/build/[22m[36massets/@babel-BiFW4_mA.js                   [39m[1m[2m  1.50 kB[22m[1m[22m[2m │ gzip:   0.66 kB[22m
- Using dynamic import() to code-split the application
[2mpublic/build/[22m[36massets/react-chartjs-2-C-AoSTuK.js          [39m[1m[2m  1.68 kB[22m[1m[22m[2m │ gzip:   0.79 kB[22m
[2mpublic/build/[22m[36massets/react-fast-compare-8UmgUjMy.js       [39m[1m[2m  1.80 kB[22m[1m[22m[2m │ gzip:   0.70 kB[22m
[2mpublic/build/[22m[36massets/copy-to-clipboard-CntM9jqO.js        [39m[1m[2m  1.86 kB[22m[1m[22m[2m │ gzip:   0.91 kB[22m
[2mpublic/build/[22m[36massets/use-sync-external-store-Dm9_t9BT.js  [39m[1m[2m  2.16 kB[22m[1m[22m[2m │ gzip:   0.93 kB[22m
[2mpublic/build/[22m[36massets/style-mod-Bc2inJdb.js                [39m[1m[2m  2.19 kB[22m[1m[22m[2m │ gzip:   1.16 kB[22m
[2mpublic/build/[22m[36massets/react-remove-scroll-bar-CkHEwUBv.js  [39m[1m[2m  2.29 kB[22m[1m[22m[2m │ gzip:   0.95 kB[22m
[2mpublic/build/[22m[36massets/tiny-case-BJ7jYKNY.js                [39m[1m[2m  2.41 kB[22m[1m[22m[2m │ gzip:   0.69 kB[22m
[2mpublic/build/[22m[36massets/react-is-8JwjhRSi.js                 [39m[1m[2m  2.43 kB[22m[1m[22m[2m │ gzip:   0.88 kB[22m
[2mpublic/build/[22m[36massets/redux-DB-krNN3.js                    [39m[1m[2m  2.54 kB[22m[1m[22m[2m │ gzip:   1.07 kB[22m
- Use build.rollupOptions.output.manualChunks to improve chunking: https://rollupjs.org/configuration-options/#output-manualchunks
[2mpublic/build/[22m[36massets/deepmerge-ts-CxkUrGQQ.js             [39m[1m[2m  3.62 kB[22m[1m[22m[2m │ gzip:   1.26 kB[22m
[2mpublic/build/[22m[36massets/SteamDiskSpaceFeature-DRK0mT00.js    [39m[1m[2m  3.94 kB[22m[1m[22m[2m │ gzip:   1.88 kB[22m
[2mpublic/build/[22m[36massets/EulaModalFeature-CMGlFWQ2.js         [39m[1m[2m  3.97 kB[22m[1m[22m[2m │ gzip:   1.95 kB[22m
- Adjust chunk size limit for this warning via build.chunkSizeWarningLimit.[39m
[2mpublic/build/[22m[36massets/GSLTokenModalFeature-Cx1RdA65.js     [39m[1m[2m  4.05 kB[22m[1m[22m[2m │ gzip:   2.00 kB[22m
[2mpublic/build/[22m[36massets/scheduler-CzFDRTuY.js                [39m[1m[2m  4.10 kB[22m[1m[22m[2m │ gzip:   1.78 kB[22m
[2mpublic/build/[22m[36massets/reaptcha-BUHifOcp.js                 [39m[1m[2m  4.16 kB[22m[1m[22m[2m │ gzip:   1.52 kB[22m
[2mpublic/build/[22m[36massets/Editor-C0tWzB2B.js                   [39m[1m[2m  4.22 kB[22m[1m[22m[2m │ gzip:   1.84 kB[22m
[2mpublic/build/[22m[36massets/PIDLimitModalFeature-DngD20Mb.js     [39m[1m[2m  4.27 kB[22m[1m[22m[2m │ gzip:   1.99 kB[22m
[2mpublic/build/[22m[36massets/PyroLogo-CiHRh7mW.js                 [39m[1m[2m  4.40 kB[22m[1m[22m[2m │ gzip:   2.10 kB[22m
[2mpublic/build/[22m[36massets/react-router-dom-D9SdHZap.js         [39m[1m[2m  4.73 kB[22m[1m[22m[2m │ gzip:   2.13 kB[22m
[2mpublic/build/[22m[36massets/JavaVersionModalFeature-BMSmOJu0.js  [39m[1m[2m  5.22 kB[22m[1m[22m[2m │ gzip:   2.48 kB[22m
[2mpublic/build/[22m[36massets/@preact-Bz0C2Wms.js                  [39m[1m[2m  5.43 kB[22m[1m[22m[2m │ gzip:   1.97 kB[22m
[2mpublic/build/[22m[36massets/react-remove-scroll-BxgfUjOM.js      [39m[1m[2m  5.85 kB[22m[1m[22m[2m │ gzip:   2.37 kB[22m
[2mpublic/build/[22m[36massets/events-CXH2uRM3.js                   [39m[1m[2m  6.08 kB[22m[1m[22m[2m │ gzip:   2.07 kB[22m
[2mpublic/build/[22m[36massets/lucide-react-qdYun9Y0.js             [39m[1m[2m  7.42 kB[22m[1m[22m[2m │ gzip:   1.94 kB[22m
[2mpublic/build/[22m[36massets/@kurkle-BZxJdD1U.js                  [39m[1m[2m  7.67 kB[22m[1m[22m[2m │ gzip:   3.84 kB[22m
[2mpublic/build/[22m[36massets/stylis-DinRj2j6.js                   [39m[1m[2m  7.87 kB[22m[1m[22m[2m │ gzip:   3.35 kB[22m
[2mpublic/build/[22m[36massets/immer-9GZupY-j.js                    [39m[1m[2m  8.20 kB[22m[1m[22m[2m │ gzip:   3.38 kB[22m
[2mpublic/build/[22m[36massets/react-Dc2kl7Zc.js                    [39m[1m[2m  8.37 kB[22m[1m[22m[2m │ gzip:   3.08 kB[22m
[2mpublic/build/[22m[36massets/react-router-FFdZdwPs.js             [39m[1m[2m  8.89 kB[22m[1m[22m[2m │ gzip:   3.36 kB[22m
[2mpublic/build/[22m[36massets/swr-CITbXX7R.js                      [39m[1m[2m  8.95 kB[22m[1m[22m[2m │ gzip:   4.28 kB[22m
[2mpublic/build/[22m[36massets/@remix-run-B0mZiSgO.js               [39m[1m[2m  9.11 kB[22m[1m[22m[2m │ gzip:   4.01 kB[22m
[2mpublic/build/[22m[36massets/FileEditContainer-DXgBv0pU.js        [39m[1m[2m 10.99 kB[22m[1m[22m[2m │ gzip:   4.46 kB[22m
[2mpublic/build/[22m[36massets/AuthenticationRouter-GgVYV0rn.js     [39m[1m[2m 11.61 kB[22m[1m[22m[2m │ gzip:   4.08 kB[22m
[2mpublic/build/[22m[36massets/@tanstack-Dj1u3lbQ.js                [39m[1m[2m 13.02 kB[22m[1m[22m[2m │ gzip:   4.23 kB[22m
[2mpublic/build/[22m[36massets/cmdk-CrJ6P5UE.js                     [39m[1m[2m 13.19 kB[22m[1m[22m[2m │ gzip:   5.17 kB[22m
[2mpublic/build/[22m[36massets/ScheduleEditContainer-Dyuu-at1.js    [39m[1m[2m 14.30 kB[22m[1m[22m[2m │ gzip:   5.20 kB[22m
[2mpublic/build/[22m[36massets/lodash-es-dVqQl90_.js                [39m[1m[2m 14.76 kB[22m[1m[22m[2m │ gzip:   5.18 kB[22m
[2mpublic/build/[22m[36massets/qrcode.react-B6AjQ8yl.js             [39m[1m[2m 15.39 kB[22m[1m[22m[2m │ gzip:   5.83 kB[22m
[2mpublic/build/[22m[36massets/easy-peasy-CO9CgWnD.js               [39m[1m[2m 16.73 kB[22m[1m[22m[2m │ gzip:   6.04 kB[22m
[2mpublic/build/[22m[36massets/formik-DkEilos9.js                   [39m[1m[2m 17.16 kB[22m[1m[22m[2m │ gzip:   5.83 kB[22m
[2mpublic/build/[22m[36massets/animejs-BNELU3II.js                  [39m[1m[2m 18.07 kB[22m[1m[22m[2m │ gzip:   7.41 kB[22m
[2mpublic/build/[22m[36massets/million-oczrL-3z.js                  [39m[1m[2m 18.37 kB[22m[1m[22m[2m │ gzip:   7.30 kB[22m
[2mpublic/build/[22m[36massets/styled-components-C7X8SC8Z.js        [39m[1m[2m 18.64 kB[22m[1m[22m[2m │ gzip:   7.01 kB[22m
[2mpublic/build/[22m[36massets/tailwind-merge-BOZU2X2x.js           [39m[1m[2m 19.81 kB[22m[1m[22m[2m │ gzip:   6.67 kB[22m
[2mpublic/build/[22m[36massets/@floating-ui-CDJYrQZE.js             [39m[1m[2m 21.36 kB[22m[1m[22m[2m │ gzip:   8.27 kB[22m
[2mpublic/build/[22m[36massets/date-fns-0txtGnJx.js                 [39m[1m[2m 23.64 kB[22m[1m[22m[2m │ gzip:   6.68 kB[22m
[2mpublic/build/[22m[36massets/index-DKzEq60k.js                    [39m[1m[2m 23.85 kB[22m[1m[22m[2m │ gzip:   8.87 kB[22m
[2mpublic/build/[22m[36massets/DashboardRouter-DIT7LuQQ.js          [39m[1m[2m 26.06 kB[22m[1m[22m[2m │ gzip:   9.22 kB[22m
[2mpublic/build/[22m[36massets/sonner-2NT-CvLT.js                   [39m[1m[2m 28.71 kB[22m[1m[22m[2m │ gzip:   8.36 kB[22m
[2mpublic/build/[22m[36massets/yup-DMIewIAi.js                      [39m[1m[2m 33.93 kB[22m[1m[22m[2m │ gzip:  10.83 kB[22m
[2mpublic/build/[22m[36massets/axios-DsPaXkF5.js                    [39m[1m[2m 34.60 kB[22m[1m[22m[2m │ gzip:  13.93 kB[22m
[2mpublic/build/[22m[36massets/@headlessui-DtNwt01G.js              [39m[1m[2m 38.16 kB[22m[1m[22m[2m │ gzip:  13.26 kB[22m
[2mpublic/build/[22m[36massets/ServerRouter-G1lWHRLM.js             [39m[1m[2m 39.85 kB[22m[1m[22m[2m │ gzip:  15.19 kB[22m
[2mpublic/build/[22m[36massets/@fortawesome-BSk6mySn.js             [39m[1m[2m 62.52 kB[22m[1m[22m[2m │ gzip:  20.54 kB[22m
[2mpublic/build/[22m[36massets/@sentry-DgjHnjGc.js                  [39m[1m[2m 72.32 kB[22m[1m[22m[2m │ gzip:  24.46 kB[22m
[2mpublic/build/[22m[36massets/@radix-ui-BSf6Dw_g.js                [39m[1m[2m 78.68 kB[22m[1m[22m[2m │ gzip:  25.19 kB[22m
[2mpublic/build/[22m[36massets/framer-motion-DRyFkZKl.js            [39m[1m[2m112.64 kB[22m[1m[22m[2m │ gzip:  37.11 kB[22m
[2mpublic/build/[22m[36massets/react-dom-CRv_cd2b.js                [39m[1m[2m129.86 kB[22m[1m[22m[2m │ gzip:  41.72 kB[22m
[2mpublic/build/[22m[36massets/chart.js-Bu8Ey8cY.js                 [39m[1m[2m136.82 kB[22m[1m[22m[2m │ gzip:  47.55 kB[22m
[2mpublic/build/[22m[36massets/Home-BASqCKaY.js                     [39m[1m[2m198.13 kB[22m[1m[22m[2m │ gzip:  62.23 kB[22m
[2mpublic/build/[22m[36massets/@xterm-RgcS-I7R.js                   [39m[1m[2m306.48 kB[22m[1m[22m[2m │ gzip:  76.85 kB[22m
[2mpublic/build/[22m[36massets/@lezer-CiyfBrTr.js                   [39m[1m[33m606.40 kB[39m[22m[2m │ gzip: 217.64 kB[22m
[2mpublic/build/[22m[36massets/@codemirror-CA_AtaRk.js              [39m[1m[33m991.49 kB[39m[22m[2m │ gzip: 330.68 kB[22m
[32m✓ built in 32.11s[39m
